\BOOKMARK [1][-]{section.1}{\376\377\000A\000b\000s\000t\000r\000a\000c\000t}{}% 1
\BOOKMARK [1][-]{section.2}{\376\377\000A\000b\000k\000\374\000r\000z\000u\000n\000g\000s\000v\000e\000r\000z\000e\000i\000c\000h\000n\000i\000s}{}% 2
\BOOKMARK [1][-]{section.3}{\376\377\000A\000b\000b\000i\000l\000d\000u\000n\000g\000s\000v\000e\000r\000z\000e\000i\000c\000h\000n\000i\000s}{}% 3
\BOOKMARK [1][-]{section.4}{\376\377\000E\000i\000n\000l\000e\000i\000t\000u\000n\000g}{}% 4
\BOOKMARK [2][-]{subsection.4.1}{\376\377\000E\000i\000n\000l\000e\000i\000t\000u\000n\000g}{section.4}% 5
\BOOKMARK [2][-]{subsection.4.2}{\376\377\000U\000m\000f\000a\000n\000g\000\040\000u\000n\000d\000\040\000A\000b\000g\000r\000e\000n\000z\000u\000n\000g}{section.4}% 6
\BOOKMARK [1][-]{section.5}{\376\377\000T\000h\000e\000o\000r\000e\000t\000i\000s\000c\000h\000e\000\040\000G\000r\000u\000n\000d\000l\000a\000g\000e\000n}{}% 7
\BOOKMARK [2][-]{subsection.5.1}{\376\377\000N\000A\000T\000\040\000u\000n\000d\000\040\000R\000e\000v\000e\000r\000s\000e\000\040\000P\000r\000o\000x\000y}{section.5}% 8
\BOOKMARK [2][-]{subsection.5.2}{\376\377\000H\000T\000T\000P}{section.5}% 9
\BOOKMARK [2][-]{subsection.5.3}{\376\377\000O\000W\000A\000S\000P\000\040\000T\000o\000p\000-\000T\000e\000n}{section.5}% 10
\BOOKMARK [2][-]{subsection.5.4}{\376\377\000W\000e\000b\000\040\000A\000p\000p\000l\000i\000c\000a\000t\000i\000o\000n\000\040\000F\000i\000r\000e\000w\000a\000l\000l}{section.5}% 11
\BOOKMARK [3][-]{subsubsection.5.4.1}{\376\377\000V\000e\000r\000a\000r\000b\000e\000i\000t\000u\000n\000g\000\040\000e\000i\000n\000e\000r\000\040\000A\000n\000f\000r\000a\000g\000e}{subsection.5.4}% 12
\BOOKMARK [3][-]{subsubsection.5.4.2}{\376\377\000E\000r\000w\000e\000i\000t\000e\000r\000t\000e\000\040\000F\000u\000n\000k\000t\000i\000o\000n\000e\000n}{subsection.5.4}% 13
\BOOKMARK [3][-]{subsubsection.5.4.3}{\376\377\000D\000e\000p\000l\000o\000y\000m\000e\000n\000t\000\040\000e\000i\000n\000e\000r\000\040\000W\000A\000F}{subsection.5.4}% 14
\BOOKMARK [3][-]{subsubsection.5.4.4}{\376\377\000S\000c\000h\000w\000\344\000c\000h\000e\000n\000\040\000u\000n\000d\000\040\000N\000a\000c\000h\000t\000e\000i\000l\000e\000\040\000e\000i\000n\000e\000r\000\040\000W\000A\000F}{subsection.5.4}% 15
\BOOKMARK [1][-]{section.6}{\376\377\000D\000e\000s\000i\000g\000n\000\040\000d\000e\000r\000\040\000L\000e\000r\000n\000u\000m\000g\000e\000b\000u\000n\000g}{}% 16
\BOOKMARK [2][-]{subsection.6.1}{\376\377\000Z\000u\000\040\000\374\000b\000e\000r\000m\000i\000t\000t\000e\000l\000n\000d\000e\000\040\000I\000n\000h\000a\000l\000t\000e}{section.6}% 17
\BOOKMARK [2][-]{subsection.6.2}{\376\377\000T\000e\000c\000h\000n\000i\000s\000c\000h\000e\000\040\000U\000m\000s\000e\000t\000z\000u\000n\000g}{section.6}% 18
\BOOKMARK [3][-]{subsubsection.6.2.1}{\376\377\000E\000v\000a\000l\000u\000a\000t\000i\000o\000n\000\040\000v\000e\000r\000f\000\374\000g\000b\000a\000r\000e\000r\000\040\000P\000r\000o\000d\000u\000k\000t\000e}{subsection.6.2}% 19
\BOOKMARK [3][-]{subsubsection.6.2.2}{\376\377\000L\000a\000b\000o\000r\000-\000U\000m\000g\000e\000b\000u\000n\000g}{subsection.6.2}% 20
\BOOKMARK [2][-]{subsection.6.3}{\376\377\000L\000e\000r\000n\000e\000i\000n\000h\000e\000i\000t\000e\000n}{section.6}% 21
\BOOKMARK [3][-]{subsubsection.6.3.1}{\376\377\000T\000e\000i\000l\000\040\0001\000:\000\040\000E\000r\000s\000t\000e\000r\000\040\000K\000o\000n\000t\000a\000k\000t\000\040\000z\000u\000\040\000e\000i\000n\000e\000r\000\040\000W\000A\000F}{subsection.6.3}% 22
\BOOKMARK [3][-]{subsubsection.6.3.2}{\376\377\000T\000e\000i\000l\000\040\0002\000:\000\040\000G\000r\000u\000n\000d\000l\000e\000g\000e\000n\000d\000e\000\040\000A\000n\000g\000r\000i\000f\000f\000e}{subsection.6.3}% 23
\BOOKMARK [3][-]{subsubsection.6.3.3}{\376\377\000T\000e\000i\000l\0003\000:\000\040\000D\000e\000t\000a\000i\000l\000s\000\040\000u\000n\000d\000\040\000G\000e\000f\000a\000h\000r\000e\000n\000\040\000i\000n\000\040\000d\000e\000r\000\040\000N\000u\000t\000z\000u\000n\000g\000\040\000e\000i\000n\000e\000r\000\040\000W\000A\000F}{subsection.6.3}% 24
\BOOKMARK [1][-]{section.7}{\376\377\000E\000v\000a\000l\000u\000a\000t\000i\000o\000n}{}% 25
\BOOKMARK [2][-]{subsection.7.1}{\376\377\000E\000v\000a\000l\000u\000a\000t\000i\000o\000n\000\040\000m\000i\000t\000\040\000P\000r\000o\000b\000a\000n\000d\000e\000n}{section.7}% 26
\BOOKMARK [2][-]{subsection.7.2}{\376\377\000\334\000b\000e\000r\000l\000e\000g\000u\000n\000g\000e\000n\000\040\000z\000u\000r\000\040\000B\000e\000w\000e\000r\000t\000u\000n\000g}{section.7}% 27
\BOOKMARK [1][-]{section.8}{\376\377\000F\000a\000z\000i\000t}{}% 28
\BOOKMARK [1][-]{section.9}{\376\377\000B\000i\000b\000l\000i\000o\000g\000r\000a\000f\000i\000e}{}% 29
